[debug] [2025-08-17T08:58:05.121Z] ----------------------------------------------------------------------
[debug] [2025-08-17T08:58:05.124Z] Command:       /nix/store/ws50yvm6vzlzf7jzz6n7xh4szddrack1-nodejs-20.19.1/bin/node /home/user/.global_modules/bin/firebase deploy
[debug] [2025-08-17T08:58:05.125Z] CLI Version:   14.12.1
[debug] [2025-08-17T08:58:05.125Z] Platform:      linux
[debug] [2025-08-17T08:58:05.125Z] Node Version:  v20.19.1
[debug] [2025-08-17T08:58:05.126Z] Time:          Sun Aug 17 2025 08:58:05 GMT+0000 (Coordinated Universal Time)
[debug] [2025-08-17T08:58:05.126Z] ----------------------------------------------------------------------
[debug] 
[debug] [2025-08-17T08:58:05.526Z] Object "/emulators" in "firebase.json" has unknown property: {"additionalProperty":"project"}
[debug] [2025-08-17T08:58:05.530Z] No OAuth tokens found
[debug] [2025-08-17T08:58:05.530Z] No OAuth tokens found
[error] Failed to fetch Firebase Project from current Studio Workspace: Unable to refresh auth: not yet authenticated.
[debug] [2025-08-17T08:58:05.537Z] > command requires scopes: ["email","openid","https://www.googleapis.com/auth/cloudplatformprojects.readonly","https://www.googleapis.com/auth/firebase","https://www.googleapis.com/auth/cloud-platform","https://www.googleapis.com/auth/userinfo.email"]
[debug] [2025-08-17T08:58:05.538Z] > authorizing via signed-in user (f.rodrigoalves12@gmail.com)
[debug] [2025-08-17T08:58:05.538Z] [iam] checking project fleettrack-go for permissions ["datastore.indexes.create","datastore.indexes.delete","datastore.indexes.list","datastore.indexes.update","firebase.projects.get","firebaserules.releases.create","firebaserules.releases.update","firebaserules.rulesets.create"]
[debug] [2025-08-17T08:58:05.539Z] No OAuth tokens found
[debug] [2025-08-17T08:58:05.539Z] No OAuth tokens found
[debug] [2025-08-17T08:58:05.540Z] > command requires scopes: ["email","openid","https://www.googleapis.com/auth/cloudplatformprojects.readonly","https://www.googleapis.com/auth/firebase","https://www.googleapis.com/auth/cloud-platform","https://www.googleapis.com/auth/userinfo.email"]
[debug] [2025-08-17T08:58:05.540Z] > authorizing via signed-in user (f.rodrigoalves12@gmail.com)
[debug] [2025-08-17T08:58:05.541Z] >>> [apiv2][query] POST https://cloudresourcemanager.googleapis.com/v1/projects/fleettrack-go:testIamPermissions [none]
[debug] [2025-08-17T08:58:05.541Z] >>> [apiv2][(partial)header] POST https://cloudresourcemanager.googleapis.com/v1/projects/fleettrack-go:testIamPermissions x-goog-quota-user=projects/fleettrack-go
[debug] [2025-08-17T08:58:05.542Z] >>> [apiv2][body] POST https://cloudresourcemanager.googleapis.com/v1/projects/fleettrack-go:testIamPermissions {"permissions":["datastore.indexes.create","datastore.indexes.delete","datastore.indexes.list","datastore.indexes.update","firebase.projects.get","firebaserules.releases.create","firebaserules.releases.update","firebaserules.rulesets.create"]}
[debug] [2025-08-17T08:58:05.817Z] <<< [apiv2][status] POST https://cloudresourcemanager.googleapis.com/v1/projects/fleettrack-go:testIamPermissions 200
[debug] [2025-08-17T08:58:05.817Z] <<< [apiv2][body] POST https://cloudresourcemanager.googleapis.com/v1/projects/fleettrack-go:testIamPermissions {"permissions":["datastore.indexes.create","datastore.indexes.delete","datastore.indexes.list","datastore.indexes.update","firebase.projects.get","firebaserules.releases.create","firebaserules.releases.update","firebaserules.rulesets.create"]}
[info] 
[info] === Deploying to 'fleettrack-go'...
[info] 
[info] i  deploying storage, firestore 
[info] i  storage: ensuring required API firebasestorage.googleapis.com is enabled... 
[debug] [2025-08-17T08:58:05.827Z] No OAuth tokens found
[debug] [2025-08-17T08:58:05.828Z] No OAuth tokens found
[debug] [2025-08-17T08:58:05.828Z] > command requires scopes: ["email","openid","https://www.googleapis.com/auth/cloudplatformprojects.readonly","https://www.googleapis.com/auth/firebase","https://www.googleapis.com/auth/cloud-platform","https://www.googleapis.com/auth/userinfo.email"]
[debug] [2025-08-17T08:58:05.829Z] > authorizing via signed-in user (f.rodrigoalves12@gmail.com)
[debug] [2025-08-17T08:58:05.829Z] >>> [apiv2][query] GET https://firebasestorage.googleapis.com/v1alpha/projects/fleettrack-go/defaultBucket [none]
[debug] [2025-08-17T08:58:06.794Z] <<< [apiv2][status] GET https://firebasestorage.googleapis.com/v1alpha/projects/fleettrack-go/defaultBucket 200
[debug] [2025-08-17T08:58:06.794Z] <<< [apiv2][body] GET https://firebasestorage.googleapis.com/v1alpha/projects/fleettrack-go/defaultBucket {"name":"projects/fleettrack-go/defaultBucket","location":"US-CENTRAL1","bucket":{"name":"projects/fleettrack-go/buckets/fleettrack-go.firebasestorage.app"},"storageClass":"REGIONAL"}
[info] i  firebase.storage: checking storage.rules for compilation errors... 
[debug] [2025-08-17T08:58:06.799Z] No OAuth tokens found
[debug] [2025-08-17T08:58:06.799Z] No OAuth tokens found
[debug] [2025-08-17T08:58:06.800Z] > command requires scopes: ["email","openid","https://www.googleapis.com/auth/cloudplatformprojects.readonly","https://www.googleapis.com/auth/firebase","https://www.googleapis.com/auth/cloud-platform","https://www.googleapis.com/auth/userinfo.email"]
[debug] [2025-08-17T08:58:06.800Z] > authorizing via signed-in user (f.rodrigoalves12@gmail.com)
[debug] [2025-08-17T08:58:06.800Z] >>> [apiv2][query] POST https://firebaserules.googleapis.com/v1/projects/fleettrack-go:test [none]
[debug] [2025-08-17T08:58:06.800Z] >>> [apiv2][body] POST https://firebaserules.googleapis.com/v1/projects/fleettrack-go:test [omitted]
[debug] [2025-08-17T08:58:07.740Z] <<< [apiv2][status] POST https://firebaserules.googleapis.com/v1/projects/fleettrack-go:test 200
[debug] [2025-08-17T08:58:07.740Z] <<< [apiv2][body] POST https://firebaserules.googleapis.com/v1/projects/fleettrack-go:test {}
[info] ✔  firebase.storage: rules file storage.rules compiled successfully 
[info] i  firestore: reading indexes from firestore.indexes.json... 
[info] i  cloud.firestore: checking firestore.rules for compilation errors... 
[debug] [2025-08-17T08:58:07.751Z] No OAuth tokens found
[debug] [2025-08-17T08:58:07.752Z] No OAuth tokens found
[debug] [2025-08-17T08:58:07.752Z] > command requires scopes: ["email","openid","https://www.googleapis.com/auth/cloudplatformprojects.readonly","https://www.googleapis.com/auth/firebase","https://www.googleapis.com/auth/cloud-platform","https://www.googleapis.com/auth/userinfo.email"]
[debug] [2025-08-17T08:58:07.752Z] > authorizing via signed-in user (f.rodrigoalves12@gmail.com)
[debug] [2025-08-17T08:58:07.752Z] >>> [apiv2][query] POST https://firebaserules.googleapis.com/v1/projects/fleettrack-go:test [none]
[debug] [2025-08-17T08:58:07.753Z] >>> [apiv2][body] POST https://firebaserules.googleapis.com/v1/projects/fleettrack-go:test [omitted]
[debug] [2025-08-17T08:58:08.812Z] <<< [apiv2][status] POST https://firebaserules.googleapis.com/v1/projects/fleettrack-go:test 200
[debug] [2025-08-17T08:58:08.812Z] <<< [apiv2][body] POST https://firebaserules.googleapis.com/v1/projects/fleettrack-go:test {}
[info] ✔  cloud.firestore: rules file firestore.rules compiled successfully 
[debug] [2025-08-17T08:58:08.815Z] No OAuth tokens found
[debug] [2025-08-17T08:58:08.815Z] No OAuth tokens found
[debug] [2025-08-17T08:58:08.816Z] > command requires scopes: ["email","openid","https://www.googleapis.com/auth/cloudplatformprojects.readonly","https://www.googleapis.com/auth/firebase","https://www.googleapis.com/auth/cloud-platform","https://www.googleapis.com/auth/userinfo.email"]
[debug] [2025-08-17T08:58:08.816Z] > authorizing via signed-in user (f.rodrigoalves12@gmail.com)
[debug] [2025-08-17T08:58:08.824Z] >>> [apiv2][query] GET https://firebaserules.googleapis.com/v1/projects/fleettrack-go/releases pageSize=10&pageToken=
[debug] [2025-08-17T08:58:09.748Z] <<< [apiv2][status] GET https://firebaserules.googleapis.com/v1/projects/fleettrack-go/releases 200
[debug] [2025-08-17T08:58:09.748Z] <<< [apiv2][body] GET https://firebaserules.googleapis.com/v1/projects/fleettrack-go/releases {"releases":[{"name":"projects/fleettrack-go/releases/cloud.firestore","rulesetName":"projects/fleettrack-go/rulesets/6d254176-e34c-47d4-9d00-d8064860f50a","createTime":"2025-07-24T06:49:42.252573Z","updateTime":"2025-08-17T05:55:21.930812Z"},{"name":"projects/fleettrack-go/releases/firebase.storage/fleettrack-go.firebasestorage.app","rulesetName":"projects/fleettrack-go/rulesets/8a39bf2e-c26e-44be-8dd3-1d36a812be9c","createTime":"2025-07-24T10:10:30.416198Z","updateTime":"2025-08-17T05:55:20.933239Z"}]}
[debug] [2025-08-17T08:58:09.766Z] No OAuth tokens found
[debug] [2025-08-17T08:58:09.766Z] No OAuth tokens found
[debug] [2025-08-17T08:58:09.767Z] > command requires scopes: ["email","openid","https://www.googleapis.com/auth/cloudplatformprojects.readonly","https://www.googleapis.com/auth/firebase","https://www.googleapis.com/auth/cloud-platform","https://www.googleapis.com/auth/userinfo.email"]
[debug] [2025-08-17T08:58:09.767Z] > authorizing via signed-in user (f.rodrigoalves12@gmail.com)
[debug] [2025-08-17T08:58:09.767Z] >>> [apiv2][query] GET https://firebaserules.googleapis.com/v1/projects/fleettrack-go/rulesets/8a39bf2e-c26e-44be-8dd3-1d36a812be9c [none]
[debug] [2025-08-17T08:58:10.689Z] <<< [apiv2][status] GET https://firebaserules.googleapis.com/v1/projects/fleettrack-go/rulesets/8a39bf2e-c26e-44be-8dd3-1d36a812be9c 200
[debug] [2025-08-17T08:58:10.689Z] <<< [apiv2][body] GET https://firebaserules.googleapis.com/v1/projects/fleettrack-go/rulesets/8a39bf2e-c26e-44be-8dd3-1d36a812be9c [omitted]
[info] i  storage: latest version of storage.rules already up to date, skipping upload... 
[debug] [2025-08-17T08:58:10.695Z] No OAuth tokens found
[debug] [2025-08-17T08:58:10.695Z] No OAuth tokens found
[debug] [2025-08-17T08:58:10.696Z] > command requires scopes: ["email","openid","https://www.googleapis.com/auth/cloudplatformprojects.readonly","https://www.googleapis.com/auth/firebase","https://www.googleapis.com/auth/cloud-platform","https://www.googleapis.com/auth/userinfo.email"]
[debug] [2025-08-17T08:58:10.696Z] > authorizing via signed-in user (f.rodrigoalves12@gmail.com)
[debug] [2025-08-17T08:58:10.696Z] >>> [apiv2][query] GET https://firestore.googleapis.com/v1/projects/fleettrack-go/databases/(default) [none]
[debug] [2025-08-17T08:58:11.659Z] <<< [apiv2][status] GET https://firestore.googleapis.com/v1/projects/fleettrack-go/databases/(default) 200
[debug] [2025-08-17T08:58:11.659Z] <<< [apiv2][body] GET https://firestore.googleapis.com/v1/projects/fleettrack-go/databases/(default) {"name":"projects/fleettrack-go/databases/(default)","uid":"bd6b976d-1cc2-4cea-9073-38dcd9c9d974","createTime":"2025-07-24T06:49:33.265657Z","updateTime":"2025-07-24T06:49:33.265657Z","locationId":"nam5","type":"FIRESTORE_NATIVE","concurrencyMode":"PESSIMISTIC","versionRetentionPeriod":"604800s","earliestVersionTime":"2025-08-10T08:59:00Z","appEngineIntegrationMode":"DISABLED","keyPrefix":"s","pointInTimeRecoveryEnablement":"POINT_IN_TIME_RECOVERY_ENABLED","deleteProtectionState":"DELETE_PROTECTION_DISABLED","databaseEdition":"STANDARD","freeTier":false,"etag":"IML24JS9kY8DMM3jnNfXjo8D"}
[debug] [2025-08-17T08:58:11.660Z] No OAuth tokens found
[debug] [2025-08-17T08:58:11.660Z] No OAuth tokens found
[debug] [2025-08-17T08:58:11.660Z] > command requires scopes: ["email","openid","https://www.googleapis.com/auth/cloudplatformprojects.readonly","https://www.googleapis.com/auth/firebase","https://www.googleapis.com/auth/cloud-platform","https://www.googleapis.com/auth/userinfo.email"]
[debug] [2025-08-17T08:58:11.661Z] > authorizing via signed-in user (f.rodrigoalves12@gmail.com)
[debug] [2025-08-17T08:58:11.661Z] >>> [apiv2][query] GET https://firebaserules.googleapis.com/v1/projects/fleettrack-go/releases pageSize=10&pageToken=
[debug] [2025-08-17T08:58:12.582Z] <<< [apiv2][status] GET https://firebaserules.googleapis.com/v1/projects/fleettrack-go/releases 200
[debug] [2025-08-17T08:58:12.582Z] <<< [apiv2][body] GET https://firebaserules.googleapis.com/v1/projects/fleettrack-go/releases {"releases":[{"name":"projects/fleettrack-go/releases/cloud.firestore","rulesetName":"projects/fleettrack-go/rulesets/6d254176-e34c-47d4-9d00-d8064860f50a","createTime":"2025-07-24T06:49:42.252573Z","updateTime":"2025-08-17T05:55:21.930812Z"},{"name":"projects/fleettrack-go/releases/firebase.storage/fleettrack-go.firebasestorage.app","rulesetName":"projects/fleettrack-go/rulesets/8a39bf2e-c26e-44be-8dd3-1d36a812be9c","createTime":"2025-07-24T10:10:30.416198Z","updateTime":"2025-08-17T05:55:20.933239Z"}]}
[debug] [2025-08-17T08:58:12.583Z] No OAuth tokens found
[debug] [2025-08-17T08:58:12.583Z] No OAuth tokens found
[debug] [2025-08-17T08:58:12.583Z] > command requires scopes: ["email","openid","https://www.googleapis.com/auth/cloudplatformprojects.readonly","https://www.googleapis.com/auth/firebase","https://www.googleapis.com/auth/cloud-platform","https://www.googleapis.com/auth/userinfo.email"]
[debug] [2025-08-17T08:58:12.583Z] > authorizing via signed-in user (f.rodrigoalves12@gmail.com)
[debug] [2025-08-17T08:58:12.586Z] >>> [apiv2][query] GET https://firebaserules.googleapis.com/v1/projects/fleettrack-go/rulesets/6d254176-e34c-47d4-9d00-d8064860f50a [none]
[debug] [2025-08-17T08:58:13.527Z] <<< [apiv2][status] GET https://firebaserules.googleapis.com/v1/projects/fleettrack-go/rulesets/6d254176-e34c-47d4-9d00-d8064860f50a 200
[debug] [2025-08-17T08:58:13.527Z] <<< [apiv2][body] GET https://firebaserules.googleapis.com/v1/projects/fleettrack-go/rulesets/6d254176-e34c-47d4-9d00-d8064860f50a [omitted]
[info] i  firestore: uploading rules firestore.rules... 
[debug] [2025-08-17T08:58:13.532Z] No OAuth tokens found
[debug] [2025-08-17T08:58:13.532Z] No OAuth tokens found
[debug] [2025-08-17T08:58:13.533Z] > command requires scopes: ["email","openid","https://www.googleapis.com/auth/cloudplatformprojects.readonly","https://www.googleapis.com/auth/firebase","https://www.googleapis.com/auth/cloud-platform","https://www.googleapis.com/auth/userinfo.email"]
[debug] [2025-08-17T08:58:13.533Z] > authorizing via signed-in user (f.rodrigoalves12@gmail.com)
[debug] [2025-08-17T08:58:13.533Z] >>> [apiv2][query] POST https://firebaserules.googleapis.com/v1/projects/fleettrack-go/rulesets [none]
[debug] [2025-08-17T08:58:13.535Z] >>> [apiv2][body] POST https://firebaserules.googleapis.com/v1/projects/fleettrack-go/rulesets [omitted]
[debug] [2025-08-17T08:58:14.510Z] <<< [apiv2][status] POST https://firebaserules.googleapis.com/v1/projects/fleettrack-go/rulesets 200
[debug] [2025-08-17T08:58:14.511Z] <<< [apiv2][body] POST https://firebaserules.googleapis.com/v1/projects/fleettrack-go/rulesets {"name":"projects/fleettrack-go/rulesets/2178ce2e-a6db-4673-8f98-2257d52e65f6","source":{"files":[{"content":"\nrules_version = '2';\n\nservice cloud.firestore {\n  match /databases/{database}/documents {\n    \n    // Default deny all\n    match /{document=**} {\n      allow read, write: if false;\n    }\n\n    // Allow public read/write access for trip records form\n    match /tripRecords/{recordId} {\n      allow read, create: if true;\n      allow update, delete: if request.auth != null;\n    }\n\n    // Allow public read/write access for checklist records form\n     match /checklistRecords/{recordId} {\n      allow read, create, update: if true;\n      allow delete: if request.auth != null;\n    }\n    \n    // Allow public read/write access for fueling records form\n    match /fuelingRecords/{recordId} {\n      allow read, create: if true;\n      allow update, delete: if request.auth != null;\n    }\n    \n    match /tireRecords/{recordId} {\n      allow read, create: if true;\n      allow update, delete: if request.auth != null;\n    }\n\n    // Settings collections are read-only for clients, writable for admin\n    match /dieselPrices/{priceId} {\n      allow read: if true;\n      allow create, update, delete: if request.auth != null;\n    }\n    \n    match /vehicleParameters/{carId} {\n        allow read: if true;\n        allow create, update, delete: if request.auth != null;\n    }\n    \n    match /maintenanceRecords/{recordId} {\n        allow read: if true;\n        allow create, update, delete: if request.auth != null;\n    }\n  }\n}\n","name":"firestore.rules"}]},"createTime":"2025-08-17T08:58:14.417183Z","metadata":{"services":["cloud.firestore"]}}
[debug] [2025-08-17T08:58:14.511Z] [rules] created ruleset projects/fleettrack-go/rulesets/2178ce2e-a6db-4673-8f98-2257d52e65f6
[info] i  firestore: deploying indexes... 
[debug] [2025-08-17T08:58:14.518Z] No OAuth tokens found
[debug] [2025-08-17T08:58:14.518Z] No OAuth tokens found
[debug] [2025-08-17T08:58:14.518Z] > command requires scopes: ["email","openid","https://www.googleapis.com/auth/cloudplatformprojects.readonly","https://www.googleapis.com/auth/firebase","https://www.googleapis.com/auth/cloud-platform","https://www.googleapis.com/auth/userinfo.email"]
[debug] [2025-08-17T08:58:14.518Z] > authorizing via signed-in user (f.rodrigoalves12@gmail.com)
[debug] [2025-08-17T08:58:14.519Z] >>> [apiv2][query] GET https://firestore.googleapis.com/v1/projects/fleettrack-go/databases/(default)/collectionGroups/-/indexes [none]
[debug] [2025-08-17T08:58:14.753Z] <<< [apiv2][status] GET https://firestore.googleapis.com/v1/projects/fleettrack-go/databases/(default)/collectionGroups/-/indexes 200
[debug] [2025-08-17T08:58:14.754Z] <<< [apiv2][body] GET https://firestore.googleapis.com/v1/projects/fleettrack-go/databases/(default)/collectionGroups/-/indexes {"indexes":[{"name":"projects/fleettrack-go/databases/(default)/collectionGroups/tripRecords/indexes/CICAgJim14AK","queryScope":"COLLECTION","fields":[{"fieldPath":"car","order":"ASCENDING"},{"fieldPath":"date","order":"ASCENDING"},{"fieldPath":"__name__","order":"ASCENDING"}],"state":"READY","density":"SPARSE_ALL"},{"name":"projects/fleettrack-go/databases/(default)/collectionGroups/tripRecords/indexes/CICAgOjXh4EK","queryScope":"COLLECTION","fields":[{"fieldPath":"plate","order":"ASCENDING"},{"fieldPath":"status","order":"ASCENDING"},{"fieldPath":"date","order":"DESCENDING"},{"fieldPath":"__name__","order":"DESCENDING"}],"state":"READY","density":"SPARSE_ALL"},{"name":"projects/fleettrack-go/databases/(default)/collectionGroups/tripRecords/indexes/CICAgJj7z4EK","queryScope":"COLLECTION","fields":[{"fieldPath":"carId","order":"ASCENDING"},{"fieldPath":"date","order":"DESCENDING"},{"fieldPath":"__name__","order":"DESCENDING"}],"state":"READY","density":"SPARSE_ALL"},{"name":"projects/fleettrack-go/databases/(default)/collectionGroups/checklistRecords/indexes/CICAgJjF9oIK","queryScope":"COLLECTION","fields":[{"fieldPath":"damageAnalysis.hasNewDamage","order":"ASCENDING"},{"fieldPath":"date","order":"DESCENDING"},{"fieldPath":"__name__","order":"DESCENDING"}],"state":"READY","density":"SPARSE_ALL"},{"name":"projects/fleettrack-go/databases/(default)/collectionGroups/tripRecords/indexes/CICAgJiUpoMK","queryScope":"COLLECTION","fields":[{"fieldPath":"car","order":"ASCENDING"},{"fieldPath":"date","order":"DESCENDING"},{"fieldPath":"__name__","order":"DESCENDING"}],"state":"READY","density":"SPARSE_ALL"},{"name":"projects/fleettrack-go/databases/(default)/collectionGroups/tripRecords/indexes/CICAgNi47oMK","queryScope":"COLLECTION","fields":[{"fieldPath":"plate","order":"ASCENDING"},{"fieldPath":"status","order":"ASCENDING"},{"fieldPath":"__name__","order":"ASCENDING"}],"state":"READY","density":"SPARSE_ALL"}]}
[debug] [2025-08-17T08:58:14.758Z] No OAuth tokens found
[debug] [2025-08-17T08:58:14.758Z] No OAuth tokens found
[debug] [2025-08-17T08:58:14.758Z] > command requires scopes: ["email","openid","https://www.googleapis.com/auth/cloudplatformprojects.readonly","https://www.googleapis.com/auth/firebase","https://www.googleapis.com/auth/cloud-platform","https://www.googleapis.com/auth/userinfo.email"]
[debug] [2025-08-17T08:58:14.759Z] > authorizing via signed-in user (f.rodrigoalves12@gmail.com)
[debug] [2025-08-17T08:58:14.759Z] >>> [apiv2][query] GET https://firestore.googleapis.com/v1/projects/fleettrack-go/databases/(default)/collectionGroups/-/fields?filter=indexConfig.usesAncestorConfig=false OR ttlConfig:* [none]
[debug] [2025-08-17T08:58:14.941Z] <<< [apiv2][status] GET https://firestore.googleapis.com/v1/projects/fleettrack-go/databases/(default)/collectionGroups/-/fields?filter=indexConfig.usesAncestorConfig=false OR ttlConfig:* 200
[debug] [2025-08-17T08:58:14.941Z] <<< [apiv2][body] GET https://firestore.googleapis.com/v1/projects/fleettrack-go/databases/(default)/collectionGroups/-/fields?filter=indexConfig.usesAncestorConfig=false OR ttlConfig:* {"fields":[{"name":"projects/fleettrack-go/databases/(default)/collectionGroups/__default__/fields/*","indexConfig":{"indexes":[{"queryScope":"COLLECTION","fields":[{"fieldPath":"*","order":"ASCENDING"}],"state":"READY"},{"queryScope":"COLLECTION","fields":[{"fieldPath":"*","order":"DESCENDING"}],"state":"READY"},{"queryScope":"COLLECTION","fields":[{"fieldPath":"*","arrayConfig":"CONTAINS"}],"state":"READY"}]}}]}
[info] i  firestore: The following indexes are defined in your project but are not present in your firestore indexes file:
	(tripRecords) -- (car,ASCENDING) (date,ASCENDING) 
	(tripRecords) -- (plate,ASCENDING) (status,ASCENDING) (date,DESCENDING) 
	(tripRecords) -- (carId,ASCENDING) (date,DESCENDING) 
	(checklistRecords) -- (damageAnalysis.hasNewDamage,ASCENDING) (date,DESCENDING) 
	(tripRecords) -- (car,ASCENDING) (date,DESCENDING) 
	(tripRecords) -- (plate,ASCENDING) (status,ASCENDING)  
